<?xml version="1.0" encoding="utf-8"?><testsuites><testsuite errors="0" failures="0" hostname="DESKTOP-OV0LBQB" name="pytest" skipped="0" tests="8" time="7.297" timestamp="2020-05-14T12:23:54.253091"><testcase classname="test_submit.TestChallenge1" file="test_submit.py" line="29" name="test_len" time="0.163"></testcase><testcase classname="test_submit.TestChallenge1" file="test_submit.py" line="33" name="test_1" time="0.012"></testcase><testcase classname="test_submit.TestChallenge1" file="test_submit.py" line="37" name="test_2" time="0.011"></testcase><testcase classname="test_submit.TestChallenge1" file="test_submit.py" line="41" name="test_3" time="0.010"></testcase><testcase classname="test_submit.TestChallenge1" file="test_submit.py" line="45" name="test_4" time="0.012"></testcase><testcase classname="test_submit.TestChallenge1" file="test_submit.py" line="49" name="test_5" time="0.010"></testcase><testcase classname="test_submit.TestChallenge1" file="test_submit.py" line="53" name="test_6" time="0.012"></testcase><testcase classname="test_submit.TestChallenge1" file="test_submit.py" line="57" name="test_7" time="0.011"></testcase></testsuite></testsuites>